May 23, 2024 11:32:15 AM gradleproject1.ServerSetup logAccess
INFO: 2024-05-23 11:32:15 - [0:0:0:0:0:0:0:1] - /
May 23, 2024 11:32:21 AM gradleproject1.ServerSetup logAccess
INFO: 2024-05-23 11:32:21 - [0:0:0:0:0:0:0:1] - /
May 23, 2024 11:32:46 AM gradleproject1.ServerSetup logAccess
INFO: 2024-05-23 11:32:46 - [0:0:0:0:0:0:0:1] - /
May 23, 2024 11:35:37 AM gradleproject1.ServerSetup logAccess
INFO: 2024-05-23 11:35:37 - [0:0:0:0:0:0:0:1] - /
May 23, 2024 11:35:37 AM gradleproject1.ServerSetup logAccess
INFO: 2024-05-23 11:35:37 - [0:0:0:0:0:0:0:1] - /main.css
May 23, 2024 11:35:37 AM gradleproject1.ServerSetup logAccess
INFO: 2024-05-23 11:35:37 - [0:0:0:0:0:0:0:1] - /script.js
May 23, 2024 11:38:28 AM gradleproject1.ServerSetup logAccess
INFO: 2024-05-23 11:38:28 - [0:0:0:0:0:0:0:1] - /
May 23, 2024 11:38:28 AM gradleproject1.ServerSetup logAccess
INFO: 2024-05-23 11:38:28 - [0:0:0:0:0:0:0:1] - /main.css
May 23, 2024 11:38:28 AM gradleproject1.ServerSetup logAccess
INFO: 2024-05-23 11:38:28 - [0:0:0:0:0:0:0:1] - /script.js
May 23, 2024 11:44:36 AM gradleproject1.ServerSetup logAccess
INFO: 2024-05-23 11:44:36 - [0:0:0:0:0:0:0:1] - /
May 23, 2024 11:44:36 AM gradleproject1.ServerSetup logAccess
INFO: 2024-05-23 11:44:36 - [0:0:0:0:0:0:0:1] - /script.js
May 23, 2024 11:44:36 AM gradleproject1.ServerSetup logAccess
INFO: 2024-05-23 11:44:36 - [0:0:0:0:0:0:0:1] - /main.css
May 23, 2024 11:44:36 AM gradleproject1.ServerSetup logAccess
INFO: 2024-05-23 11:44:36 - [0:0:0:0:0:0:0:1] - /favicon.ico
May 23, 2024 6:44:14 PM gradleproject1.ServerSetup logAccess
INFO: 2024-05-23 18:44:14 - [0:0:0:0:0:0:0:1] - /
May 23, 2024 6:44:14 PM gradleproject1.ServerSetup logAccess
INFO: 2024-05-23 18:44:14 - [0:0:0:0:0:0:0:1] - /main.css
May 23, 2024 6:44:14 PM gradleproject1.ServerSetup logAccess
INFO: 2024-05-23 18:44:14 - [0:0:0:0:0:0:0:1] - /script.js
May 23, 2024 6:44:15 PM gradleproject1.ServerSetup logAccess
INFO: 2024-05-23 18:44:15 - [0:0:0:0:0:0:0:1] - /favicon.ico
May 23, 2024 6:47:48 PM gradleproject1.ServerSetup logAccess
INFO: 2024-05-23 18:47:48 - [0:0:0:0:0:0:0:1] - /
May 23, 2024 6:47:48 PM gradleproject1.ServerSetup logAccess
INFO: 2024-05-23 18:47:48 - [0:0:0:0:0:0:0:1] - /main.css
May 23, 2024 6:47:48 PM gradleproject1.ServerSetup logAccess
INFO: 2024-05-23 18:47:48 - [0:0:0:0:0:0:0:1] - /script.js
May 23, 2024 6:47:51 PM gradleproject1.ServerSetup logAccess
INFO: 2024-05-23 18:47:51 - [0:0:0:0:0:0:0:1] - /index.html
May 23, 2024 6:47:51 PM gradleproject1.ServerSetup logAccess
INFO: 2024-05-23 18:47:51 - [0:0:0:0:0:0:0:1] - /script.js
May 23, 2024 6:47:51 PM gradleproject1.ServerSetup logAccess
INFO: 2024-05-23 18:47:51 - [0:0:0:0:0:0:0:1] - /main.css
May 23, 2024 6:51:37 PM gradleproject1.ServerSetup logAccess
INFO: 2024-05-23 18:51:37 - [0:0:0:0:0:0:0:1] - /index.html
May 23, 2024 6:51:37 PM gradleproject1.ServerSetup logAccess
INFO: 2024-05-23 18:51:37 - [0:0:0:0:0:0:0:1] - /script.js
May 23, 2024 6:51:37 PM gradleproject1.ServerSetup logAccess
INFO: 2024-05-23 18:51:37 - [0:0:0:0:0:0:0:1] - /main.css
May 23, 2024 6:51:38 PM gradleproject1.ServerSetup logAccess
INFO: 2024-05-23 18:51:38 - [0:0:0:0:0:0:0:1] - /index.html
May 23, 2024 6:51:38 PM gradleproject1.ServerSetup logAccess
INFO: 2024-05-23 18:51:38 - [0:0:0:0:0:0:0:1] - /main.css
May 23, 2024 6:51:38 PM gradleproject1.ServerSetup logAccess
INFO: 2024-05-23 18:51:38 - [0:0:0:0:0:0:0:1] - /script.js
May 23, 2024 6:51:38 PM gradleproject1.ServerSetup logAccess
INFO: 2024-05-23 18:51:38 - [0:0:0:0:0:0:0:1] - /index.html
May 23, 2024 6:51:38 PM gradleproject1.ServerSetup logAccess
INFO: 2024-05-23 18:51:38 - [0:0:0:0:0:0:0:1] - /main.css
May 23, 2024 6:51:38 PM gradleproject1.ServerSetup logAccess
INFO: 2024-05-23 18:51:38 - [0:0:0:0:0:0:0:1] - /script.js
May 23, 2024 6:51:38 PM gradleproject1.ServerSetup logAccess
INFO: 2024-05-23 18:51:38 - [0:0:0:0:0:0:0:1] - /index.html
May 23, 2024 6:51:38 PM gradleproject1.ServerSetup logAccess
INFO: 2024-05-23 18:51:38 - [0:0:0:0:0:0:0:1] - /main.css
May 23, 2024 6:51:38 PM gradleproject1.ServerSetup logAccess
INFO: 2024-05-23 18:51:38 - [0:0:0:0:0:0:0:1] - /script.js
May 23, 2024 6:51:38 PM gradleproject1.ServerSetup logAccess
INFO: 2024-05-23 18:51:38 - [0:0:0:0:0:0:0:1] - /index.html
May 23, 2024 6:51:38 PM gradleproject1.ServerSetup logAccess
INFO: 2024-05-23 18:51:38 - [0:0:0:0:0:0:0:1] - /main.css
May 23, 2024 6:51:38 PM gradleproject1.ServerSetup logAccess
INFO: 2024-05-23 18:51:38 - [0:0:0:0:0:0:0:1] - /script.js
May 23, 2024 6:51:39 PM gradleproject1.ServerSetup logAccess
INFO: 2024-05-23 18:51:39 - [0:0:0:0:0:0:0:1] - /index.html
May 23, 2024 6:51:39 PM gradleproject1.ServerSetup logAccess
INFO: 2024-05-23 18:51:39 - [0:0:0:0:0:0:0:1] - /main.css
May 23, 2024 6:51:39 PM gradleproject1.ServerSetup logAccess
INFO: 2024-05-23 18:51:39 - [0:0:0:0:0:0:0:1] - /script.js
May 23, 2024 6:51:39 PM gradleproject1.ServerSetup logAccess
INFO: 2024-05-23 18:51:39 - [0:0:0:0:0:0:0:1] - /index.html
May 23, 2024 6:51:39 PM gradleproject1.ServerSetup logAccess
INFO: 2024-05-23 18:51:39 - [0:0:0:0:0:0:0:1] - /main.css
May 23, 2024 6:51:39 PM gradleproject1.ServerSetup logAccess
INFO: 2024-05-23 18:51:39 - [0:0:0:0:0:0:0:1] - /script.js
May 23, 2024 6:51:39 PM gradleproject1.ServerSetup logAccess
INFO: 2024-05-23 18:51:39 - [0:0:0:0:0:0:0:1] - /index.html
May 23, 2024 6:51:39 PM gradleproject1.ServerSetup logAccess
INFO: 2024-05-23 18:51:39 - [0:0:0:0:0:0:0:1] - /main.css
May 23, 2024 6:51:39 PM gradleproject1.ServerSetup logAccess
INFO: 2024-05-23 18:51:39 - [0:0:0:0:0:0:0:1] - /script.js
May 23, 2024 6:51:39 PM gradleproject1.ServerSetup logAccess
INFO: 2024-05-23 18:51:39 - [0:0:0:0:0:0:0:1] - /index.html
May 23, 2024 6:51:39 PM gradleproject1.ServerSetup logAccess
INFO: 2024-05-23 18:51:39 - [0:0:0:0:0:0:0:1] - /main.css
May 23, 2024 6:51:39 PM gradleproject1.ServerSetup logAccess
INFO: 2024-05-23 18:51:39 - [0:0:0:0:0:0:0:1] - /script.js
May 23, 2024 6:51:39 PM gradleproject1.ServerSetup logAccess
INFO: 2024-05-23 18:51:39 - [0:0:0:0:0:0:0:1] - /index.html
May 23, 2024 6:51:39 PM gradleproject1.ServerSetup logAccess
INFO: 2024-05-23 18:51:39 - [0:0:0:0:0:0:0:1] - /script.js
May 23, 2024 6:51:39 PM gradleproject1.ServerSetup logAccess
INFO: 2024-05-23 18:51:39 - [0:0:0:0:0:0:0:1] - /main.css
May 23, 2024 6:51:39 PM gradleproject1.ServerSetup logAccess
INFO: 2024-05-23 18:51:39 - [0:0:0:0:0:0:0:1] - /index.html
May 23, 2024 6:51:39 PM gradleproject1.ServerSetup logAccess
INFO: 2024-05-23 18:51:39 - [0:0:0:0:0:0:0:1] - /script.js
May 23, 2024 6:51:39 PM gradleproject1.ServerSetup logAccess
INFO: 2024-05-23 18:51:39 - [0:0:0:0:0:0:0:1] - /main.css
May 23, 2024 6:51:39 PM gradleproject1.ServerSetup logAccess
INFO: 2024-05-23 18:51:39 - [0:0:0:0:0:0:0:1] - /index.html
May 23, 2024 6:51:39 PM gradleproject1.ServerSetup logAccess
INFO: 2024-05-23 18:51:39 - [0:0:0:0:0:0:0:1] - /script.js
May 23, 2024 6:51:39 PM gradleproject1.ServerSetup logAccess
INFO: 2024-05-23 18:51:39 - [0:0:0:0:0:0:0:1] - /main.css
May 23, 2024 6:51:39 PM gradleproject1.ServerSetup logAccess
INFO: 2024-05-23 18:51:39 - [0:0:0:0:0:0:0:1] - /index.html
May 23, 2024 6:51:40 PM gradleproject1.ServerSetup logAccess
INFO: 2024-05-23 18:51:40 - [0:0:0:0:0:0:0:1] - /main.css
May 23, 2024 6:51:40 PM gradleproject1.ServerSetup logAccess
INFO: 2024-05-23 18:51:40 - [0:0:0:0:0:0:0:1] - /script.js
May 23, 2024 6:51:40 PM gradleproject1.ServerSetup logAccess
INFO: 2024-05-23 18:51:40 - [0:0:0:0:0:0:0:1] - /index.html
May 23, 2024 6:51:40 PM gradleproject1.ServerSetup logAccess
INFO: 2024-05-23 18:51:40 - [0:0:0:0:0:0:0:1] - /main.css
May 23, 2024 6:51:40 PM gradleproject1.ServerSetup logAccess
INFO: 2024-05-23 18:51:40 - [0:0:0:0:0:0:0:1] - /script.js
May 23, 2024 6:51:40 PM gradleproject1.ServerSetup logAccess
INFO: 2024-05-23 18:51:40 - [0:0:0:0:0:0:0:1] - /index.html
May 23, 2024 6:51:40 PM gradleproject1.ServerSetup logAccess
INFO: 2024-05-23 18:51:40 - [0:0:0:0:0:0:0:1] - /main.css
May 23, 2024 6:51:40 PM gradleproject1.ServerSetup logAccess
INFO: 2024-05-23 18:51:40 - [0:0:0:0:0:0:0:1] - /script.js
May 23, 2024 6:51:40 PM gradleproject1.ServerSetup logAccess
INFO: 2024-05-23 18:51:40 - [0:0:0:0:0:0:0:1] - /index.html
May 23, 2024 6:51:40 PM gradleproject1.ServerSetup logAccess
INFO: 2024-05-23 18:51:40 - [0:0:0:0:0:0:0:1] - /main.css
May 23, 2024 6:51:40 PM gradleproject1.ServerSetup logAccess
INFO: 2024-05-23 18:51:40 - [0:0:0:0:0:0:0:1] - /script.js
May 23, 2024 6:57:26 PM gradleproject1.ServerSetup logAccess
INFO: 2024-05-23 18:57:26 - [0:0:0:0:0:0:0:1] - /index.html
May 23, 2024 6:57:26 PM gradleproject1.ServerSetup logAccess
INFO: 2024-05-23 18:57:26 - [0:0:0:0:0:0:0:1] - /main.css
May 23, 2024 6:57:26 PM gradleproject1.ServerSetup logAccess
INFO: 2024-05-23 18:57:26 - [0:0:0:0:0:0:0:1] - /script.js
May 23, 2024 6:57:27 PM gradleproject1.ServerSetup logAccess
INFO: 2024-05-23 18:57:27 - [0:0:0:0:0:0:0:1] - /index.html
May 23, 2024 6:57:27 PM gradleproject1.ServerSetup logAccess
INFO: 2024-05-23 18:57:27 - [0:0:0:0:0:0:0:1] - /main.css
May 23, 2024 6:57:27 PM gradleproject1.ServerSetup logAccess
INFO: 2024-05-23 18:57:27 - [0:0:0:0:0:0:0:1] - /script.js
May 23, 2024 6:58:00 PM gradleproject1.ServerSetup logAccess
INFO: 2024-05-23 18:58:00 - [0:0:0:0:0:0:0:1] - /index.html
May 23, 2024 6:58:00 PM gradleproject1.ServerSetup logAccess
INFO: 2024-05-23 18:58:00 - [0:0:0:0:0:0:0:1] - /main.css
May 23, 2024 6:58:00 PM gradleproject1.ServerSetup logAccess
INFO: 2024-05-23 18:58:00 - [0:0:0:0:0:0:0:1] - /script.js
May 23, 2024 7:02:07 PM gradleproject1.ServerSetup logAccess
INFO: 2024-05-23 19:02:07 - [0:0:0:0:0:0:0:1] - /index.html
May 23, 2024 7:03:44 PM gradleproject1.ServerSetup logAccess
INFO: 2024-05-23 19:03:44 - [0:0:0:0:0:0:0:1] - /index.html
May 23, 2024 7:04:23 PM gradleproject1.ServerSetup logAccess
INFO: 2024-05-23 19:04:23 - [0:0:0:0:0:0:0:1] - /index.html
May 23, 2024 7:04:23 PM gradleproject1.ServerSetup logAccess
INFO: 2024-05-23 19:04:23 - [0:0:0:0:0:0:0:1] - /script.js
May 23, 2024 7:04:23 PM gradleproject1.ServerSetup logAccess
INFO: 2024-05-23 19:04:23 - [0:0:0:0:0:0:0:1] - /main.css
May 23, 2024 7:08:22 PM gradleproject1.ServerSetup logAccess
INFO: 2024-05-23 19:08:22 - [0:0:0:0:0:0:0:1] - /index.html
May 23, 2024 7:08:22 PM gradleproject1.ServerSetup logAccess
INFO: 2024-05-23 19:08:22 - [0:0:0:0:0:0:0:1] - /main.css
May 23, 2024 7:08:22 PM gradleproject1.ServerSetup logAccess
INFO: 2024-05-23 19:08:22 - [0:0:0:0:0:0:0:1] - /script.js
May 24, 2024 12:40:34 PM gradleproject1.ServerSetup logAccess
INFO: 2024-05-24 12:40:34 - [0:0:0:0:0:0:0:1] - /
May 24, 2024 12:40:34 PM gradleproject1.ServerSetup logAccess
INFO: 2024-05-24 12:40:34 - [0:0:0:0:0:0:0:1] - /
May 24, 2024 12:40:34 PM gradleproject1.ServerSetup logAccess
INFO: 2024-05-24 12:40:34 - [0:0:0:0:0:0:0:1] - /
May 24, 2024 12:40:34 PM gradleproject1.ServerSetup logAccess
INFO: 2024-05-24 12:40:34 - [0:0:0:0:0:0:0:1] - /
May 24, 2024 12:40:34 PM gradleproject1.ServerSetup logAccess
INFO: 2024-05-24 12:40:34 - [0:0:0:0:0:0:0:1] - /
May 24, 2024 12:40:34 PM gradleproject1.ServerSetup logAccess
INFO: 2024-05-24 12:40:34 - [0:0:0:0:0:0:0:1] - /
May 24, 2024 12:40:34 PM gradleproject1.ServerSetup logAccess
INFO: 2024-05-24 12:40:34 - [0:0:0:0:0:0:0:1] - /
May 24, 2024 12:40:34 PM gradleproject1.ServerSetup logAccess
INFO: 2024-05-24 12:40:34 - [0:0:0:0:0:0:0:1] - /
May 24, 2024 12:40:34 PM gradleproject1.ServerSetup logAccess
INFO: 2024-05-24 12:40:34 - [0:0:0:0:0:0:0:1] - /
May 24, 2024 12:40:34 PM gradleproject1.ServerSetup logAccess
INFO: 2024-05-24 12:40:34 - [0:0:0:0:0:0:0:1] - /
May 24, 2024 12:40:34 PM gradleproject1.ServerSetup logAccess
INFO: 2024-05-24 12:40:34 - [0:0:0:0:0:0:0:1] - /
May 24, 2024 12:40:34 PM gradleproject1.ServerSetup logAccess
INFO: 2024-05-24 12:40:34 - [0:0:0:0:0:0:0:1] - /
May 24, 2024 12:40:34 PM gradleproject1.ServerSetup logAccess
INFO: 2024-05-24 12:40:34 - [0:0:0:0:0:0:0:1] - /
May 24, 2024 12:40:34 PM gradleproject1.ServerSetup logAccess
INFO: 2024-05-24 12:40:34 - [0:0:0:0:0:0:0:1] - /
May 24, 2024 12:40:34 PM gradleproject1.ServerSetup logAccess
INFO: 2024-05-24 12:40:34 - [0:0:0:0:0:0:0:1] - /
May 24, 2024 12:40:34 PM gradleproject1.ServerSetup logAccess
INFO: 2024-05-24 12:40:34 - [0:0:0:0:0:0:0:1] - /
May 24, 2024 12:40:34 PM gradleproject1.ServerSetup logAccess
INFO: 2024-05-24 12:40:34 - [0:0:0:0:0:0:0:1] - /
May 24, 2024 12:40:34 PM gradleproject1.ServerSetup logAccess
INFO: 2024-05-24 12:40:34 - [0:0:0:0:0:0:0:1] - /
May 24, 2024 12:40:34 PM gradleproject1.ServerSetup logAccess
INFO: 2024-05-24 12:40:34 - [0:0:0:0:0:0:0:1] - /
May 24, 2024 12:40:34 PM gradleproject1.ServerSetup logAccess
INFO: 2024-05-24 12:40:34 - [0:0:0:0:0:0:0:1] - /
May 24, 2024 12:40:36 PM gradleproject1.ServerSetup logAccess
INFO: 2024-05-24 12:40:36 - [0:0:0:0:0:0:0:1] - /
May 24, 2024 12:40:36 PM gradleproject1.ServerSetup logAccess
INFO: 2024-05-24 12:40:36 - [0:0:0:0:0:0:0:1] - /
May 24, 2024 12:40:36 PM gradleproject1.ServerSetup logAccess
INFO: 2024-05-24 12:40:36 - [0:0:0:0:0:0:0:1] - /
May 24, 2024 12:40:36 PM gradleproject1.ServerSetup logAccess
INFO: 2024-05-24 12:40:36 - [0:0:0:0:0:0:0:1] - /
May 24, 2024 12:40:36 PM gradleproject1.ServerSetup logAccess
INFO: 2024-05-24 12:40:36 - [0:0:0:0:0:0:0:1] - /
May 24, 2024 12:40:36 PM gradleproject1.ServerSetup logAccess
INFO: 2024-05-24 12:40:36 - [0:0:0:0:0:0:0:1] - /
May 24, 2024 12:40:36 PM gradleproject1.ServerSetup logAccess
INFO: 2024-05-24 12:40:36 - [0:0:0:0:0:0:0:1] - /
May 24, 2024 12:40:36 PM gradleproject1.ServerSetup logAccess
INFO: 2024-05-24 12:40:36 - [0:0:0:0:0:0:0:1] - /
May 24, 2024 12:40:36 PM gradleproject1.ServerSetup logAccess
INFO: 2024-05-24 12:40:36 - [0:0:0:0:0:0:0:1] - /
May 24, 2024 12:40:36 PM gradleproject1.ServerSetup logAccess
INFO: 2024-05-24 12:40:36 - [0:0:0:0:0:0:0:1] - /
May 24, 2024 12:40:36 PM gradleproject1.ServerSetup logAccess
INFO: 2024-05-24 12:40:36 - [0:0:0:0:0:0:0:1] - /
May 24, 2024 12:40:36 PM gradleproject1.ServerSetup logAccess
INFO: 2024-05-24 12:40:36 - [0:0:0:0:0:0:0:1] - /
May 24, 2024 12:40:36 PM gradleproject1.ServerSetup logAccess
INFO: 2024-05-24 12:40:36 - [0:0:0:0:0:0:0:1] - /
May 24, 2024 12:40:36 PM gradleproject1.ServerSetup logAccess
INFO: 2024-05-24 12:40:36 - [0:0:0:0:0:0:0:1] - /
May 24, 2024 12:40:36 PM gradleproject1.ServerSetup logAccess
INFO: 2024-05-24 12:40:36 - [0:0:0:0:0:0:0:1] - /
May 24, 2024 12:40:36 PM gradleproject1.ServerSetup logAccess
INFO: 2024-05-24 12:40:36 - [0:0:0:0:0:0:0:1] - /
May 24, 2024 12:40:36 PM gradleproject1.ServerSetup logAccess
INFO: 2024-05-24 12:40:36 - [0:0:0:0:0:0:0:1] - /
May 24, 2024 12:40:36 PM gradleproject1.ServerSetup logAccess
INFO: 2024-05-24 12:40:36 - [0:0:0:0:0:0:0:1] - /
May 24, 2024 12:40:36 PM gradleproject1.ServerSetup logAccess
INFO: 2024-05-24 12:40:36 - [0:0:0:0:0:0:0:1] - /
May 24, 2024 12:40:36 PM gradleproject1.ServerSetup logAccess
INFO: 2024-05-24 12:40:36 - [0:0:0:0:0:0:0:1] - /
May 24, 2024 12:40:37 PM gradleproject1.ServerSetup logAccess
INFO: 2024-05-24 12:40:37 - [0:0:0:0:0:0:0:1] - /
May 24, 2024 12:40:37 PM gradleproject1.ServerSetup logAccess
INFO: 2024-05-24 12:40:37 - [0:0:0:0:0:0:0:1] - /
May 24, 2024 12:40:37 PM gradleproject1.ServerSetup logAccess
INFO: 2024-05-24 12:40:37 - [0:0:0:0:0:0:0:1] - /
May 24, 2024 12:40:37 PM gradleproject1.ServerSetup logAccess
INFO: 2024-05-24 12:40:37 - [0:0:0:0:0:0:0:1] - /
May 24, 2024 12:40:37 PM gradleproject1.ServerSetup logAccess
INFO: 2024-05-24 12:40:37 - [0:0:0:0:0:0:0:1] - /
May 24, 2024 12:40:37 PM gradleproject1.ServerSetup logAccess
INFO: 2024-05-24 12:40:37 - [0:0:0:0:0:0:0:1] - /
May 24, 2024 12:40:37 PM gradleproject1.ServerSetup logAccess
INFO: 2024-05-24 12:40:37 - [0:0:0:0:0:0:0:1] - /
May 24, 2024 12:40:37 PM gradleproject1.ServerSetup logAccess
INFO: 2024-05-24 12:40:37 - [0:0:0:0:0:0:0:1] - /
May 24, 2024 12:40:37 PM gradleproject1.ServerSetup logAccess
INFO: 2024-05-24 12:40:37 - [0:0:0:0:0:0:0:1] - /
May 24, 2024 12:40:37 PM gradleproject1.ServerSetup logAccess
INFO: 2024-05-24 12:40:37 - [0:0:0:0:0:0:0:1] - /
May 24, 2024 12:40:37 PM gradleproject1.ServerSetup logAccess
INFO: 2024-05-24 12:40:37 - [0:0:0:0:0:0:0:1] - /
May 24, 2024 12:40:37 PM gradleproject1.ServerSetup logAccess
INFO: 2024-05-24 12:40:37 - [0:0:0:0:0:0:0:1] - /
May 24, 2024 12:40:37 PM gradleproject1.ServerSetup logAccess
INFO: 2024-05-24 12:40:37 - [0:0:0:0:0:0:0:1] - /
May 24, 2024 12:40:37 PM gradleproject1.ServerSetup logAccess
INFO: 2024-05-24 12:40:37 - [0:0:0:0:0:0:0:1] - /
May 24, 2024 12:40:37 PM gradleproject1.ServerSetup logAccess
INFO: 2024-05-24 12:40:37 - [0:0:0:0:0:0:0:1] - /
May 24, 2024 12:40:37 PM gradleproject1.ServerSetup logAccess
INFO: 2024-05-24 12:40:37 - [0:0:0:0:0:0:0:1] - /
May 24, 2024 12:40:37 PM gradleproject1.ServerSetup logAccess
INFO: 2024-05-24 12:40:37 - [0:0:0:0:0:0:0:1] - /
May 24, 2024 12:40:37 PM gradleproject1.ServerSetup logAccess
INFO: 2024-05-24 12:40:37 - [0:0:0:0:0:0:0:1] - /
May 24, 2024 12:40:37 PM gradleproject1.ServerSetup logAccess
INFO: 2024-05-24 12:40:37 - [0:0:0:0:0:0:0:1] - /
May 24, 2024 12:40:37 PM gradleproject1.ServerSetup logAccess
INFO: 2024-05-24 12:40:37 - [0:0:0:0:0:0:0:1] - /
May 24, 2024 12:40:39 PM gradleproject1.ServerSetup logAccess
INFO: 2024-05-24 12:40:39 - [0:0:0:0:0:0:0:1] - /
May 24, 2024 12:40:39 PM gradleproject1.ServerSetup logAccess
INFO: 2024-05-24 12:40:39 - [0:0:0:0:0:0:0:1] - /
May 24, 2024 12:40:39 PM gradleproject1.ServerSetup logAccess
INFO: 2024-05-24 12:40:39 - [0:0:0:0:0:0:0:1] - /
May 24, 2024 12:40:39 PM gradleproject1.ServerSetup logAccess
INFO: 2024-05-24 12:40:39 - [0:0:0:0:0:0:0:1] - /
May 24, 2024 12:40:40 PM gradleproject1.ServerSetup logAccess
INFO: 2024-05-24 12:40:40 - [0:0:0:0:0:0:0:1] - /
May 24, 2024 12:40:40 PM gradleproject1.ServerSetup logAccess
INFO: 2024-05-24 12:40:40 - [0:0:0:0:0:0:0:1] - /
May 24, 2024 12:40:40 PM gradleproject1.ServerSetup logAccess
INFO: 2024-05-24 12:40:40 - [0:0:0:0:0:0:0:1] - /
May 24, 2024 12:40:40 PM gradleproject1.ServerSetup logAccess
INFO: 2024-05-24 12:40:40 - [0:0:0:0:0:0:0:1] - /
May 24, 2024 12:40:40 PM gradleproject1.ServerSetup logAccess
INFO: 2024-05-24 12:40:40 - [0:0:0:0:0:0:0:1] - /
May 24, 2024 12:40:40 PM gradleproject1.ServerSetup logAccess
INFO: 2024-05-24 12:40:40 - [0:0:0:0:0:0:0:1] - /
May 24, 2024 12:40:40 PM gradleproject1.ServerSetup logAccess
INFO: 2024-05-24 12:40:40 - [0:0:0:0:0:0:0:1] - /
May 24, 2024 12:40:40 PM gradleproject1.ServerSetup logAccess
INFO: 2024-05-24 12:40:40 - [0:0:0:0:0:0:0:1] - /
May 24, 2024 12:40:40 PM gradleproject1.ServerSetup logAccess
INFO: 2024-05-24 12:40:40 - [0:0:0:0:0:0:0:1] - /
May 24, 2024 12:40:40 PM gradleproject1.ServerSetup logAccess
INFO: 2024-05-24 12:40:40 - [0:0:0:0:0:0:0:1] - /
May 24, 2024 12:40:40 PM gradleproject1.ServerSetup logAccess
INFO: 2024-05-24 12:40:40 - [0:0:0:0:0:0:0:1] - /
May 24, 2024 12:40:40 PM gradleproject1.ServerSetup logAccess
INFO: 2024-05-24 12:40:40 - [0:0:0:0:0:0:0:1] - /
May 24, 2024 12:40:40 PM gradleproject1.ServerSetup logAccess
INFO: 2024-05-24 12:40:40 - [0:0:0:0:0:0:0:1] - /
May 24, 2024 12:40:40 PM gradleproject1.ServerSetup logAccess
INFO: 2024-05-24 12:40:40 - [0:0:0:0:0:0:0:1] - /
May 24, 2024 12:40:40 PM gradleproject1.ServerSetup logAccess
INFO: 2024-05-24 12:40:40 - [0:0:0:0:0:0:0:1] - /
May 24, 2024 12:40:40 PM gradleproject1.ServerSetup logAccess
INFO: 2024-05-24 12:40:40 - [0:0:0:0:0:0:0:1] - /
May 24, 2024 12:40:45 PM gradleproject1.ServerSetup logAccess
INFO: 2024-05-24 12:40:45 - [0:0:0:0:0:0:0:1] - /
May 24, 2024 12:40:45 PM gradleproject1.ServerSetup logAccess
INFO: 2024-05-24 12:40:45 - [0:0:0:0:0:0:0:1] - /
May 24, 2024 12:40:45 PM gradleproject1.ServerSetup logAccess
INFO: 2024-05-24 12:40:45 - [0:0:0:0:0:0:0:1] - /
May 24, 2024 12:40:45 PM gradleproject1.ServerSetup logAccess
INFO: 2024-05-24 12:40:45 - [0:0:0:0:0:0:0:1] - /
May 24, 2024 12:40:45 PM gradleproject1.ServerSetup logAccess
INFO: 2024-05-24 12:40:45 - [0:0:0:0:0:0:0:1] - /
May 24, 2024 12:40:45 PM gradleproject1.ServerSetup logAccess
INFO: 2024-05-24 12:40:45 - [0:0:0:0:0:0:0:1] - /
May 24, 2024 12:40:45 PM gradleproject1.ServerSetup logAccess
INFO: 2024-05-24 12:40:45 - [0:0:0:0:0:0:0:1] - /
May 24, 2024 12:40:45 PM gradleproject1.ServerSetup logAccess
INFO: 2024-05-24 12:40:45 - [0:0:0:0:0:0:0:1] - /
May 24, 2024 12:40:45 PM gradleproject1.ServerSetup logAccess
INFO: 2024-05-24 12:40:45 - [0:0:0:0:0:0:0:1] - /
May 24, 2024 12:40:45 PM gradleproject1.ServerSetup logAccess
INFO: 2024-05-24 12:40:45 - [0:0:0:0:0:0:0:1] - /
May 24, 2024 12:40:45 PM gradleproject1.ServerSetup logAccess
INFO: 2024-05-24 12:40:45 - [0:0:0:0:0:0:0:1] - /
May 24, 2024 12:40:45 PM gradleproject1.ServerSetup logAccess
INFO: 2024-05-24 12:40:45 - [0:0:0:0:0:0:0:1] - /
May 24, 2024 12:40:45 PM gradleproject1.ServerSetup logAccess
INFO: 2024-05-24 12:40:45 - [0:0:0:0:0:0:0:1] - /
May 24, 2024 12:40:45 PM gradleproject1.ServerSetup logAccess
INFO: 2024-05-24 12:40:45 - [0:0:0:0:0:0:0:1] - /
May 24, 2024 12:40:45 PM gradleproject1.ServerSetup logAccess
INFO: 2024-05-24 12:40:45 - [0:0:0:0:0:0:0:1] - /
May 24, 2024 12:40:45 PM gradleproject1.ServerSetup logAccess
INFO: 2024-05-24 12:40:45 - [0:0:0:0:0:0:0:1] - /
May 24, 2024 12:40:45 PM gradleproject1.ServerSetup logAccess
INFO: 2024-05-24 12:40:45 - [0:0:0:0:0:0:0:1] - /
May 24, 2024 12:40:45 PM gradleproject1.ServerSetup logAccess
INFO: 2024-05-24 12:40:45 - [0:0:0:0:0:0:0:1] - /
May 24, 2024 12:40:45 PM gradleproject1.ServerSetup logAccess
INFO: 2024-05-24 12:40:45 - [0:0:0:0:0:0:0:1] - /
May 24, 2024 12:40:45 PM gradleproject1.ServerSetup logAccess
INFO: 2024-05-24 12:40:45 - [0:0:0:0:0:0:0:1] - /
May 24, 2024 12:41:27 PM gradleproject1.ServerSetup logAccess
INFO: 2024-05-24 12:41:27 - [0:0:0:0:0:0:0:1] - /
May 24, 2024 12:41:27 PM gradleproject1.ServerSetup logAccess
INFO: 2024-05-24 12:41:27 - [0:0:0:0:0:0:0:1] - /
May 24, 2024 12:41:27 PM gradleproject1.ServerSetup logAccess
INFO: 2024-05-24 12:41:27 - [0:0:0:0:0:0:0:1] - /
May 24, 2024 12:41:27 PM gradleproject1.ServerSetup logAccess
INFO: 2024-05-24 12:41:27 - [0:0:0:0:0:0:0:1] - /
May 24, 2024 12:41:27 PM gradleproject1.ServerSetup logAccess
INFO: 2024-05-24 12:41:27 - [0:0:0:0:0:0:0:1] - /
May 24, 2024 12:41:27 PM gradleproject1.ServerSetup logAccess
INFO: 2024-05-24 12:41:27 - [0:0:0:0:0:0:0:1] - /
May 24, 2024 12:41:27 PM gradleproject1.ServerSetup logAccess
INFO: 2024-05-24 12:41:27 - [0:0:0:0:0:0:0:1] - /
May 24, 2024 12:41:27 PM gradleproject1.ServerSetup logAccess
INFO: 2024-05-24 12:41:27 - [0:0:0:0:0:0:0:1] - /
May 24, 2024 12:41:27 PM gradleproject1.ServerSetup logAccess
INFO: 2024-05-24 12:41:27 - [0:0:0:0:0:0:0:1] - /
May 24, 2024 12:41:27 PM gradleproject1.ServerSetup logAccess
INFO: 2024-05-24 12:41:27 - [0:0:0:0:0:0:0:1] - /
May 24, 2024 12:41:27 PM gradleproject1.ServerSetup logAccess
INFO: 2024-05-24 12:41:27 - [0:0:0:0:0:0:0:1] - /
May 24, 2024 12:41:27 PM gradleproject1.ServerSetup logAccess
INFO: 2024-05-24 12:41:27 - [0:0:0:0:0:0:0:1] - /
May 24, 2024 12:41:27 PM gradleproject1.ServerSetup logAccess
INFO: 2024-05-24 12:41:27 - [0:0:0:0:0:0:0:1] - /
May 24, 2024 12:41:27 PM gradleproject1.ServerSetup logAccess
INFO: 2024-05-24 12:41:27 - [0:0:0:0:0:0:0:1] - /
May 24, 2024 12:41:27 PM gradleproject1.ServerSetup logAccess
INFO: 2024-05-24 12:41:27 - [0:0:0:0:0:0:0:1] - /
May 24, 2024 12:41:27 PM gradleproject1.ServerSetup logAccess
INFO: 2024-05-24 12:41:27 - [0:0:0:0:0:0:0:1] - /
May 24, 2024 12:41:27 PM gradleproject1.ServerSetup logAccess
INFO: 2024-05-24 12:41:27 - [0:0:0:0:0:0:0:1] - /
May 24, 2024 12:41:27 PM gradleproject1.ServerSetup logAccess
INFO: 2024-05-24 12:41:27 - [0:0:0:0:0:0:0:1] - /
May 24, 2024 12:41:27 PM gradleproject1.ServerSetup logAccess
INFO: 2024-05-24 12:41:27 - [0:0:0:0:0:0:0:1] - /
May 24, 2024 12:41:27 PM gradleproject1.ServerSetup logAccess
INFO: 2024-05-24 12:41:27 - [0:0:0:0:0:0:0:1] - /
May 24, 2024 12:41:28 PM gradleproject1.ServerSetup logAccess
INFO: 2024-05-24 12:41:28 - [0:0:0:0:0:0:0:1] - /
May 24, 2024 12:41:28 PM gradleproject1.ServerSetup logAccess
INFO: 2024-05-24 12:41:28 - [0:0:0:0:0:0:0:1] - /
May 24, 2024 12:41:28 PM gradleproject1.ServerSetup logAccess
INFO: 2024-05-24 12:41:28 - [0:0:0:0:0:0:0:1] - /
May 24, 2024 12:41:28 PM gradleproject1.ServerSetup logAccess
INFO: 2024-05-24 12:41:28 - [0:0:0:0:0:0:0:1] - /
May 24, 2024 12:41:28 PM gradleproject1.ServerSetup logAccess
INFO: 2024-05-24 12:41:28 - [0:0:0:0:0:0:0:1] - /
May 24, 2024 12:41:28 PM gradleproject1.ServerSetup logAccess
INFO: 2024-05-24 12:41:28 - [0:0:0:0:0:0:0:1] - /
May 24, 2024 12:41:28 PM gradleproject1.ServerSetup logAccess
INFO: 2024-05-24 12:41:28 - [0:0:0:0:0:0:0:1] - /
May 24, 2024 12:41:28 PM gradleproject1.ServerSetup logAccess
INFO: 2024-05-24 12:41:28 - [0:0:0:0:0:0:0:1] - /
May 24, 2024 12:41:28 PM gradleproject1.ServerSetup logAccess
INFO: 2024-05-24 12:41:28 - [0:0:0:0:0:0:0:1] - /
May 24, 2024 12:41:28 PM gradleproject1.ServerSetup logAccess
INFO: 2024-05-24 12:41:28 - [0:0:0:0:0:0:0:1] - /
May 24, 2024 12:41:28 PM gradleproject1.ServerSetup logAccess
INFO: 2024-05-24 12:41:28 - [0:0:0:0:0:0:0:1] - /
May 24, 2024 12:41:28 PM gradleproject1.ServerSetup logAccess
INFO: 2024-05-24 12:41:28 - [0:0:0:0:0:0:0:1] - /
May 24, 2024 12:41:28 PM gradleproject1.ServerSetup logAccess
INFO: 2024-05-24 12:41:28 - [0:0:0:0:0:0:0:1] - /
May 24, 2024 12:41:28 PM gradleproject1.ServerSetup logAccess
INFO: 2024-05-24 12:41:28 - [0:0:0:0:0:0:0:1] - /
May 24, 2024 12:41:28 PM gradleproject1.ServerSetup logAccess
INFO: 2024-05-24 12:41:28 - [0:0:0:0:0:0:0:1] - /
May 24, 2024 12:41:28 PM gradleproject1.ServerSetup logAccess
INFO: 2024-05-24 12:41:28 - [0:0:0:0:0:0:0:1] - /
May 24, 2024 12:41:28 PM gradleproject1.ServerSetup logAccess
INFO: 2024-05-24 12:41:28 - [0:0:0:0:0:0:0:1] - /
May 24, 2024 12:41:28 PM gradleproject1.ServerSetup logAccess
INFO: 2024-05-24 12:41:28 - [0:0:0:0:0:0:0:1] - /
May 24, 2024 12:41:28 PM gradleproject1.ServerSetup logAccess
INFO: 2024-05-24 12:41:28 - [0:0:0:0:0:0:0:1] - /
May 24, 2024 12:41:29 PM gradleproject1.ServerSetup logAccess
INFO: 2024-05-24 12:41:29 - [0:0:0:0:0:0:0:1] - /
May 24, 2024 12:41:34 PM gradleproject1.ServerSetup logAccess
INFO: 2024-05-24 12:41:34 - [0:0:0:0:0:0:0:1] - /
May 24, 2024 12:41:34 PM gradleproject1.ServerSetup logAccess
INFO: 2024-05-24 12:41:34 - [0:0:0:0:0:0:0:1] - /
May 24, 2024 12:41:34 PM gradleproject1.ServerSetup logAccess
INFO: 2024-05-24 12:41:34 - [0:0:0:0:0:0:0:1] - /
May 24, 2024 12:41:34 PM gradleproject1.ServerSetup logAccess
INFO: 2024-05-24 12:41:34 - [0:0:0:0:0:0:0:1] - /
May 24, 2024 12:41:34 PM gradleproject1.ServerSetup logAccess
INFO: 2024-05-24 12:41:34 - [0:0:0:0:0:0:0:1] - /
May 24, 2024 12:41:34 PM gradleproject1.ServerSetup logAccess
INFO: 2024-05-24 12:41:34 - [0:0:0:0:0:0:0:1] - /
May 24, 2024 12:41:34 PM gradleproject1.ServerSetup logAccess
INFO: 2024-05-24 12:41:34 - [0:0:0:0:0:0:0:1] - /
May 24, 2024 12:41:34 PM gradleproject1.ServerSetup logAccess
INFO: 2024-05-24 12:41:34 - [0:0:0:0:0:0:0:1] - /
May 24, 2024 12:41:34 PM gradleproject1.ServerSetup logAccess
INFO: 2024-05-24 12:41:34 - [0:0:0:0:0:0:0:1] - /
May 24, 2024 12:41:34 PM gradleproject1.ServerSetup logAccess
INFO: 2024-05-24 12:41:34 - [0:0:0:0:0:0:0:1] - /
May 24, 2024 12:41:34 PM gradleproject1.ServerSetup logAccess
INFO: 2024-05-24 12:41:34 - [0:0:0:0:0:0:0:1] - /
May 24, 2024 12:41:34 PM gradleproject1.ServerSetup logAccess
INFO: 2024-05-24 12:41:34 - [0:0:0:0:0:0:0:1] - /
May 24, 2024 12:41:34 PM gradleproject1.ServerSetup logAccess
INFO: 2024-05-24 12:41:34 - [0:0:0:0:0:0:0:1] - /
May 24, 2024 12:41:34 PM gradleproject1.ServerSetup logAccess
INFO: 2024-05-24 12:41:34 - [0:0:0:0:0:0:0:1] - /
May 24, 2024 12:41:34 PM gradleproject1.ServerSetup logAccess
INFO: 2024-05-24 12:41:34 - [0:0:0:0:0:0:0:1] - /
May 24, 2024 12:41:34 PM gradleproject1.ServerSetup logAccess
INFO: 2024-05-24 12:41:34 - [0:0:0:0:0:0:0:1] - /
May 24, 2024 12:41:34 PM gradleproject1.ServerSetup logAccess
INFO: 2024-05-24 12:41:34 - [0:0:0:0:0:0:0:1] - /
May 24, 2024 12:41:34 PM gradleproject1.ServerSetup logAccess
INFO: 2024-05-24 12:41:34 - [0:0:0:0:0:0:0:1] - /
May 24, 2024 12:41:34 PM gradleproject1.ServerSetup logAccess
INFO: 2024-05-24 12:41:34 - [0:0:0:0:0:0:0:1] - /
May 24, 2024 12:41:34 PM gradleproject1.ServerSetup logAccess
INFO: 2024-05-24 12:41:34 - [0:0:0:0:0:0:0:1] - /
May 24, 2024 12:43:10 PM gradleproject1.ServerSetup logAccess
INFO: 2024-05-24 12:43:10 - [0:0:0:0:0:0:0:1] - /
May 24, 2024 12:43:10 PM gradleproject1.ServerSetup logAccess
INFO: 2024-05-24 12:43:10 - [0:0:0:0:0:0:0:1] - /
May 24, 2024 12:43:10 PM gradleproject1.ServerSetup logAccess
INFO: 2024-05-24 12:43:10 - [0:0:0:0:0:0:0:1] - /
May 24, 2024 12:43:10 PM gradleproject1.ServerSetup logAccess
INFO: 2024-05-24 12:43:10 - [0:0:0:0:0:0:0:1] - /
May 24, 2024 12:43:10 PM gradleproject1.ServerSetup logAccess
INFO: 2024-05-24 12:43:10 - [0:0:0:0:0:0:0:1] - /
May 24, 2024 12:43:10 PM gradleproject1.ServerSetup logAccess
INFO: 2024-05-24 12:43:10 - [0:0:0:0:0:0:0:1] - /
May 24, 2024 12:43:10 PM gradleproject1.ServerSetup logAccess
INFO: 2024-05-24 12:43:10 - [0:0:0:0:0:0:0:1] - /
May 24, 2024 12:43:10 PM gradleproject1.ServerSetup logAccess
INFO: 2024-05-24 12:43:10 - [0:0:0:0:0:0:0:1] - /
May 24, 2024 12:43:10 PM gradleproject1.ServerSetup logAccess
INFO: 2024-05-24 12:43:10 - [0:0:0:0:0:0:0:1] - /
May 24, 2024 12:43:10 PM gradleproject1.ServerSetup logAccess
INFO: 2024-05-24 12:43:10 - [0:0:0:0:0:0:0:1] - /
May 24, 2024 12:43:10 PM gradleproject1.ServerSetup logAccess
INFO: 2024-05-24 12:43:10 - [0:0:0:0:0:0:0:1] - /
May 24, 2024 12:43:10 PM gradleproject1.ServerSetup logAccess
INFO: 2024-05-24 12:43:10 - [0:0:0:0:0:0:0:1] - /
May 24, 2024 12:43:10 PM gradleproject1.ServerSetup logAccess
INFO: 2024-05-24 12:43:10 - [0:0:0:0:0:0:0:1] - /
May 24, 2024 12:43:10 PM gradleproject1.ServerSetup logAccess
INFO: 2024-05-24 12:43:10 - [0:0:0:0:0:0:0:1] - /
May 24, 2024 12:43:10 PM gradleproject1.ServerSetup logAccess
INFO: 2024-05-24 12:43:10 - [0:0:0:0:0:0:0:1] - /
May 24, 2024 12:43:10 PM gradleproject1.ServerSetup logAccess
INFO: 2024-05-24 12:43:10 - [0:0:0:0:0:0:0:1] - /
May 24, 2024 12:43:10 PM gradleproject1.ServerSetup logAccess
INFO: 2024-05-24 12:43:10 - [0:0:0:0:0:0:0:1] - /
May 24, 2024 12:43:10 PM gradleproject1.ServerSetup logAccess
INFO: 2024-05-24 12:43:10 - [0:0:0:0:0:0:0:1] - /
May 24, 2024 12:43:10 PM gradleproject1.ServerSetup logAccess
INFO: 2024-05-24 12:43:10 - [0:0:0:0:0:0:0:1] - /
May 24, 2024 12:43:10 PM gradleproject1.ServerSetup logAccess
INFO: 2024-05-24 12:43:10 - [0:0:0:0:0:0:0:1] - /
May 24, 2024 12:44:27 PM gradleproject1.ServerSetup logAccess
INFO: 2024-05-24 12:44:27 - [0:0:0:0:0:0:0:1] - /
May 24, 2024 12:44:27 PM gradleproject1.ServerSetup logAccess
INFO: 2024-05-24 12:44:27 - [0:0:0:0:0:0:0:1] - /
May 24, 2024 12:44:27 PM gradleproject1.ServerSetup logAccess
INFO: 2024-05-24 12:44:27 - [0:0:0:0:0:0:0:1] - /
May 24, 2024 12:44:27 PM gradleproject1.ServerSetup logAccess
INFO: 2024-05-24 12:44:27 - [0:0:0:0:0:0:0:1] - /
May 24, 2024 12:44:27 PM gradleproject1.ServerSetup logAccess
INFO: 2024-05-24 12:44:27 - [0:0:0:0:0:0:0:1] - /
May 24, 2024 12:44:27 PM gradleproject1.ServerSetup logAccess
INFO: 2024-05-24 12:44:27 - [0:0:0:0:0:0:0:1] - /
May 24, 2024 12:44:27 PM gradleproject1.ServerSetup logAccess
INFO: 2024-05-24 12:44:27 - [0:0:0:0:0:0:0:1] - /
May 24, 2024 12:44:27 PM gradleproject1.ServerSetup logAccess
INFO: 2024-05-24 12:44:27 - [0:0:0:0:0:0:0:1] - /
May 24, 2024 12:44:27 PM gradleproject1.ServerSetup logAccess
INFO: 2024-05-24 12:44:27 - [0:0:0:0:0:0:0:1] - /
May 24, 2024 12:44:27 PM gradleproject1.ServerSetup logAccess
INFO: 2024-05-24 12:44:27 - [0:0:0:0:0:0:0:1] - /
May 24, 2024 12:44:27 PM gradleproject1.ServerSetup logAccess
INFO: 2024-05-24 12:44:27 - [0:0:0:0:0:0:0:1] - /
May 24, 2024 12:44:27 PM gradleproject1.ServerSetup logAccess
INFO: 2024-05-24 12:44:27 - [0:0:0:0:0:0:0:1] - /
May 24, 2024 12:44:27 PM gradleproject1.ServerSetup logAccess
INFO: 2024-05-24 12:44:27 - [0:0:0:0:0:0:0:1] - /
May 24, 2024 12:44:27 PM gradleproject1.ServerSetup logAccess
INFO: 2024-05-24 12:44:27 - [0:0:0:0:0:0:0:1] - /
May 24, 2024 12:44:27 PM gradleproject1.ServerSetup logAccess
INFO: 2024-05-24 12:44:27 - [0:0:0:0:0:0:0:1] - /
May 24, 2024 12:44:27 PM gradleproject1.ServerSetup logAccess
INFO: 2024-05-24 12:44:27 - [0:0:0:0:0:0:0:1] - /
May 24, 2024 12:44:27 PM gradleproject1.ServerSetup logAccess
INFO: 2024-05-24 12:44:27 - [0:0:0:0:0:0:0:1] - /
May 24, 2024 12:44:27 PM gradleproject1.ServerSetup logAccess
INFO: 2024-05-24 12:44:27 - [0:0:0:0:0:0:0:1] - /
May 24, 2024 12:44:27 PM gradleproject1.ServerSetup logAccess
INFO: 2024-05-24 12:44:27 - [0:0:0:0:0:0:0:1] - /
May 24, 2024 12:44:27 PM gradleproject1.ServerSetup logAccess
INFO: 2024-05-24 12:44:27 - [0:0:0:0:0:0:0:1] - /
May 24, 2024 1:15:29 PM gradleproject1.ServerSetup logAccess
INFO: 2024-05-24 13:15:29 - [0:0:0:0:0:0:0:1] - /
May 24, 2024 1:15:30 PM gradleproject1.ServerSetup logAccess
INFO: 2024-05-24 13:15:30 - [0:0:0:0:0:0:0:1] - /favicon.ico
May 24, 2024 1:15:35 PM gradleproject1.ServerSetup logAccess
INFO: 2024-05-24 13:15:35 - [0:0:0:0:0:0:0:1] - /main.css
May 24, 2024 1:15:35 PM gradleproject1.ServerSetup logAccess
INFO: 2024-05-24 13:15:35 - [0:0:0:0:0:0:0:1] - /script.js
May 24, 2024 1:15:44 PM gradleproject1.ServerSetup logAccess
INFO: 2024-05-24 13:15:44 - [0:0:0:0:0:0:0:1] - /movie-app-master/
May 24, 2024 1:15:53 PM gradleproject1.ServerSetup logAccess
INFO: 2024-05-24 13:15:53 - [0:0:0:0:0:0:0:1] - /movie-app-master/CSS/
May 24, 2024 1:20:11 PM gradleproject1.ServerSetup logAccess
INFO: 2024-05-24 13:20:11 - [0:0:0:0:0:0:0:1] - /
May 24, 2024 1:20:15 PM gradleproject1.ServerSetup logAccess
INFO: 2024-05-24 13:20:15 - [0:0:0:0:0:0:0:1] - /main.css
May 24, 2024 1:20:15 PM gradleproject1.ServerSetup logAccess
INFO: 2024-05-24 13:20:15 - [0:0:0:0:0:0:0:1] - /script.js
May 24, 2024 1:20:24 PM gradleproject1.ServerSetup logAccess
INFO: 2024-05-24 13:20:24 - [0:0:0:0:0:0:0:1] - /movie-app-master/
May 24, 2024 1:20:31 PM gradleproject1.ServerSetup logAccess
INFO: 2024-05-24 13:20:31 - [0:0:0:0:0:0:0:1] - /movie-app-master/JS/config.js
May 24, 2024 1:20:41 PM gradleproject1.ServerSetup logAccess
INFO: 2024-05-24 13:20:41 - [0:0:0:0:0:0:0:1] - /movie-app-master/JS/config.js
May 24, 2024 1:20:48 PM gradleproject1.ServerSetup logAccess
INFO: 2024-05-24 13:20:48 - [0:0:0:0:0:0:0:1] - /movie-app-master/JS/
May 24, 2024 1:24:57 PM gradleproject1.ServerSetup logAccess
INFO: 2024-05-24 13:24:57 - [0:0:0:0:0:0:0:1] - /movie-app-master/
May 24, 2024 1:25:00 PM gradleproject1.ServerSetup logAccess
INFO: 2024-05-24 13:25:00 - [0:0:0:0:0:0:0:1] - /
May 24, 2024 1:25:05 PM gradleproject1.ServerSetup logAccess
INFO: 2024-05-24 13:25:05 - [0:0:0:0:0:0:0:1] - /main.css
May 24, 2024 1:25:05 PM gradleproject1.ServerSetup logAccess
INFO: 2024-05-24 13:25:05 - [0:0:0:0:0:0:0:1] - /script.js
May 24, 2024 1:25:13 PM gradleproject1.ServerSetup logAccess
INFO: 2024-05-24 13:25:13 - [0:0:0:0:0:0:0:1] - /movie-app-master/
May 24, 2024 1:25:19 PM gradleproject1.ServerSetup logAccess
INFO: 2024-05-24 13:25:19 - [0:0:0:0:0:0:0:1] - /movie-app-master/CSS/
May 24, 2024 1:25:27 PM gradleproject1.ServerSetup logAccess
INFO: 2024-05-24 13:25:27 - [0:0:0:0:0:0:0:1] - /movie-app-master/
May 24, 2024 1:25:42 PM gradleproject1.ServerSetup logAccess
INFO: 2024-05-24 13:25:42 - [0:0:0:0:0:0:0:1] - /
May 24, 2024 1:25:45 PM gradleproject1.ServerSetup logAccess
INFO: 2024-05-24 13:25:45 - [0:0:0:0:0:0:0:1] - /main.css
May 24, 2024 1:25:45 PM gradleproject1.ServerSetup logAccess
INFO: 2024-05-24 13:25:45 - [0:0:0:0:0:0:0:1] - /script.js
May 24, 2024 1:31:18 PM gradleproject1.ServerSetup logAccess
INFO: 2024-05-24 13:31:18 - [0:0:0:0:0:0:0:1] - /
May 24, 2024 1:31:21 PM gradleproject1.ServerSetup logAccess
INFO: 2024-05-24 13:31:21 - [0:0:0:0:0:0:0:1] - /movie-app-master/
May 24, 2024 1:31:23 PM gradleproject1.ServerSetup logAccess
INFO: 2024-05-24 13:31:23 - [0:0:0:0:0:0:0:1] - /movie-app-master/CSS/
May 24, 2024 1:34:19 PM gradleproject1.ServerSetup logAccess
INFO: 2024-05-24 13:34:19 - [0:0:0:0:0:0:0:1] - /movie-app-master/
May 24, 2024 1:34:21 PM gradleproject1.ServerSetup logAccess
INFO: 2024-05-24 13:34:21 - [0:0:0:0:0:0:0:1] - /movie-app-master/
May 24, 2024 1:34:22 PM gradleproject1.ServerSetup logAccess
INFO: 2024-05-24 13:34:22 - [0:0:0:0:0:0:0:1] - /movie-app-master/
May 24, 2024 1:34:22 PM gradleproject1.ServerSetup logAccess
INFO: 2024-05-24 13:34:22 - [0:0:0:0:0:0:0:1] - /movie-app-master/
May 24, 2024 1:34:22 PM gradleproject1.ServerSetup logAccess
INFO: 2024-05-24 13:34:22 - [0:0:0:0:0:0:0:1] - /movie-app-master/
May 24, 2024 1:34:22 PM gradleproject1.ServerSetup logAccess
INFO: 2024-05-24 13:34:22 - [0:0:0:0:0:0:0:1] - /movie-app-master/
May 24, 2024 1:34:24 PM gradleproject1.ServerSetup logAccess
INFO: 2024-05-24 13:34:24 - [0:0:0:0:0:0:0:1] - /
May 24, 2024 1:34:28 PM gradleproject1.ServerSetup logAccess
INFO: 2024-05-24 13:34:28 - [0:0:0:0:0:0:0:1] - /main.css
May 24, 2024 1:34:28 PM gradleproject1.ServerSetup logAccess
INFO: 2024-05-24 13:34:28 - [0:0:0:0:0:0:0:1] - /script.js
May 24, 2024 1:34:35 PM gradleproject1.ServerSetup logAccess
INFO: 2024-05-24 13:34:35 - [0:0:0:0:0:0:0:1] - /movie-app-master/
May 24, 2024 1:34:41 PM gradleproject1.ServerSetup logAccess
INFO: 2024-05-24 13:34:41 - [0:0:0:0:0:0:0:1] - /movie-app-master/CSS/
May 24, 2024 1:34:46 PM gradleproject1.ServerSetup logAccess
INFO: 2024-05-24 13:34:46 - [0:0:0:0:0:0:0:1] - /movie-app-master/
May 24, 2024 1:34:49 PM gradleproject1.ServerSetup logAccess
INFO: 2024-05-24 13:34:49 - [0:0:0:0:0:0:0:1] - /movie-app-master/JS/config.js
May 24, 2024 1:34:56 PM gradleproject1.ServerSetup logAccess
INFO: 2024-05-24 13:34:56 - [0:0:0:0:0:0:0:1] - /movie-app-master/JS/
May 24, 2024 1:35:04 PM gradleproject1.ServerSetup logAccess
INFO: 2024-05-24 13:35:04 - [0:0:0:0:0:0:0:1] - /movie-app-master/
May 24, 2024 1:35:06 PM gradleproject1.ServerSetup logAccess
INFO: 2024-05-24 13:35:06 - [0:0:0:0:0:0:0:1] - /movie-app-master/JS/config.js
May 24, 2024 1:37:54 PM gradleproject1.ServerSetup logAccess
INFO: 2024-05-24 13:37:54 - [0:0:0:0:0:0:0:1] - /movie-app-master/
May 24, 2024 1:37:58 PM gradleproject1.ServerSetup logAccess
INFO: 2024-05-24 13:37:58 - [0:0:0:0:0:0:0:1] - /movie-app-master/CSS/
May 24, 2024 1:38:05 PM gradleproject1.ServerSetup logAccess
INFO: 2024-05-24 13:38:05 - [0:0:0:0:0:0:0:1] - /
May 24, 2024 1:38:10 PM gradleproject1.ServerSetup logAccess
INFO: 2024-05-24 13:38:10 - [0:0:0:0:0:0:0:1] - /main.css
May 24, 2024 1:38:10 PM gradleproject1.ServerSetup logAccess
INFO: 2024-05-24 13:38:10 - [0:0:0:0:0:0:0:1] - /script.js
May 24, 2024 1:38:16 PM gradleproject1.ServerSetup logAccess
INFO: 2024-05-24 13:38:16 - [0:0:0:0:0:0:0:1] - /movie-app-master/
May 24, 2024 1:38:18 PM gradleproject1.ServerSetup logAccess
INFO: 2024-05-24 13:38:18 - [0:0:0:0:0:0:0:1] - /movie-app-master/IMG/
May 24, 2024 1:38:20 PM gradleproject1.ServerSetup logAccess
INFO: 2024-05-24 13:38:20 - [0:0:0:0:0:0:0:1] - /movie-app-master/IMG/github-logo.png
May 24, 2024 1:38:28 PM gradleproject1.ServerSetup logAccess
INFO: 2024-05-24 13:38:28 - [0:0:0:0:0:0:0:1] - /movie-app-master/IMG/movieAppScreenshot.png
May 24, 2024 1:38:37 PM gradleproject1.ServerSetup logAccess
INFO: 2024-05-24 13:38:37 - [0:0:0:0:0:0:0:1] - /movie-app-master/
May 24, 2024 1:38:45 PM gradleproject1.ServerSetup logAccess
INFO: 2024-05-24 13:38:45 - [0:0:0:0:0:0:0:1] - /movie-app-master/IMG/
May 24, 2024 1:38:53 PM gradleproject1.ServerSetup logAccess
INFO: 2024-05-24 13:38:53 - [0:0:0:0:0:0:0:1] - /movie-app-master/
May 24, 2024 1:38:57 PM gradleproject1.ServerSetup logAccess
INFO: 2024-05-24 13:38:57 - [0:0:0:0:0:0:0:1] - /movie-app-master/IMG/
